2019-03-03 10:58:35 error [error.js]: Products is not defined
2019-03-03 11:03:22 error [error.js]: Products is not defined
2019-03-03 11:08:26 error [index.js]: unhandledRejection occured :Asynchronous error occured 
2019-03-03 11:08:36 error [error.js]: Products is not defined
2019-03-03 11:20:21 error [index.js]: unhandledRejection occured :Asynchronous error occured 
2019-03-03 11:20:39 error [index.js]: unhandledRejection occured :Asynchronous error occured 
2019-03-03 11:20:57 error [index.js]: unhandledRejection occured :Asynchronous error occured 
2019-03-03 11:35:11 error [index.js]: unhandledRejection occured :Asynchronous error occured 
2019-03-03 11:36:40 error [index.js]: unhandledRejection occured :Asynchronous error occured 
2019-03-03 11:37:16 error [index.js]: unhandledRejection occured :Asynchronous error occured 
2019-03-03 11:38:07 error [index.js]: unhandledRejection occured :Asynchronous error occured 
2019-03-03 11:38:29 error [index.js]: unhandledRejection occured :Asynchronous error occured 
2019-03-03 11:38:47 error [index.js]: unhandledRejection occured :Asynchronous error occured 
2019-03-03 11:39:25 error [index.js]: unhandledRejection occured :Asynchronous error occured 
2019-03-03 11:39:31 error [index.js]: unhandledRejection occured :Asynchronous error occured 
2019-03-03 11:40:06 error [index.js]: unhandledRejection occured :Asynchronous error occured 
2019-03-03 11:41:36 error [index.js]: unhandledRejection occured :Asynchronous error occured 
2019-03-03 11:43:31 error [index.js]: unhandledRejection occured :Asynchronous error occured 
2019-03-07 22:05:33 error [index.js]: unhandledRejection occured :Asynchronous error occured 
2019-03-07 22:23:17 error [index.js]: unhandledRejection occured :Asynchronous error occured 
2019-03-07 22:23:51 error [index.js]: unhandledRejection occured :Asynchronous error occured 
2019-03-07 22:24:32 error [index.js]: unhandledRejection occured :Asynchronous error occured 
2019-03-07 22:25:36 error [index.js]: unhandledRejection occured :Asynchronous error occured 
2019-03-07 22:26:04 error [index.js]: unhandledRejection occured :Asynchronous error occured 
2019-03-07 22:31:50 error [error.js]: Cannot set headers after they are sent to the client
2019-03-07 22:31:57 error [error.js]: Cannot set headers after they are sent to the client
2019-03-07 22:32:28 error [index.js]: unhandledRejection occured :Asynchronous error occured 
2019-03-10 11:30:24 error [index.js]: unhandledRejection occured :Asynchronous error occured 
2019-03-10 11:37:02 debug [index.js]: Successfully connected to mongodb host : mongodb://localhost/ecommercebackend
2019-03-10 11:39:34 debug [index.js]: Successfully connected to mongodb host : mongodb://localhost/ecommercebackend
2019-03-10 11:40:10 debug [index.js]: Successfully connected to mongodb host : mongodb://localhost/ecommercebackend_dev
2019-03-10 11:43:52 debug [index.js]: Successfully connected to mongodb host : mongodb://localhost/ecommercebackend_test
2019-03-10 11:44:24 debug [index.js]: Successfully connected to mongodb host : mongodb://localhost/ecommercebackend
2019-03-10 11:44:40 debug [index.js]: Successfully connected to mongodb host : mongodb://localhost/ecommercebackend_test
2019-03-10 11:55:19 debug [index.js]: Listening on port 5000...
2019-03-10 11:55:21 debug [index.js]: Successfully connected to mongodb host : mongodb://localhost/ecommercebackend_test
2019-03-10 12:51:15 debug [index.js]: Listening on port 5000...
2019-03-10 12:51:16 debug [index.js]: Successfully connected to mongodb host : mongodb://localhost/ecommercebackend_test
2019-03-10 13:06:45 debug [index.js]: Listening on port 5000...
2019-03-10 13:06:46 debug [index.js]: Successfully connected to mongodb host : mongodb://localhost/ecommercebackend_test
2019-03-10 13:08:55 debug [index.js]: Listening on port 5000...
2019-03-10 13:08:56 debug [index.js]: Successfully connected to mongodb host : mongodb://localhost/ecommercebackend_test
2019-03-10 13:11:27 debug [index.js]: Listening on port 5000...
2019-03-10 13:11:29 debug [index.js]: Successfully connected to mongodb host : mongodb://localhost/ecommercebackend_test
2019-03-10 13:12:23 debug [index.js]: Listening on port 5000...
2019-03-10 13:12:24 debug [index.js]: Successfully connected to mongodb host : mongodb://localhost/ecommercebackend_test
2019-03-10 13:12:49 debug [index.js]: Listening on port 5000...
2019-03-10 13:12:50 debug [index.js]: Successfully connected to mongodb host : mongodb://localhost/ecommercebackend_test
2019-03-10 13:23:25 debug [index.js]: Listening on port 5000...
2019-03-10 13:23:26 debug [index.js]: Successfully connected to mongodb host : mongodb://localhost/ecommercebackend_test
2019-03-10 13:24:34 debug [index.js]: Listening on port 5000...
2019-03-10 13:24:35 debug [index.js]: Successfully connected to mongodb host : mongodb://localhost/ecommercebackend_test
2019-03-10 13:28:27 debug [index.js]: Listening on port 5000...
2019-03-10 13:28:28 debug [index.js]: Successfully connected to mongodb host : mongodb://localhost/ecommercebackend_test
2019-03-10 13:30:01 debug [index.js]: Listening on port 5000...
2019-03-10 13:30:02 debug [index.js]: Successfully connected to mongodb host : mongodb://localhost/ecommercebackend_test
2019-03-10 13:33:38 debug [index.js]: Listening on port 5000...
2019-03-10 13:33:39 debug [index.js]: Successfully connected to mongodb host : mongodb://localhost/ecommercebackend_test
2019-03-10 13:36:02 debug [index.js]: Listening on port 5000...
2019-03-10 13:36:03 debug [index.js]: Successfully connected to mongodb host : mongodb://localhost/ecommercebackend_test
2019-03-10 13:36:43 debug [index.js]: Listening on port 5000...
2019-03-10 13:36:44 debug [index.js]: Successfully connected to mongodb host : mongodb://localhost/ecommercebackend_test
2019-03-10 13:37:19 debug [index.js]: Listening on port 5000...
2019-03-10 13:37:20 debug [index.js]: Successfully connected to mongodb host : mongodb://localhost/ecommercebackend_test
2019-03-10 13:38:43 debug [index.js]: Listening on port 5000...
2019-03-10 13:38:44 debug [index.js]: Successfully connected to mongodb host : mongodb://localhost/ecommercebackend_test
2019-03-10 13:40:36 debug [index.js]: Listening on port 5000...
2019-03-10 13:40:37 debug [index.js]: Successfully connected to mongodb host : mongodb://localhost/ecommercebackend_test
2019-03-10 13:43:28 debug [index.js]: Listening on port 5000...
2019-03-10 13:43:29 debug [index.js]: Successfully connected to mongodb host : mongodb://localhost/ecommercebackend_test
2019-03-10 13:43:58 debug [index.js]: Listening on port 5000...
2019-03-10 13:43:59 debug [index.js]: Successfully connected to mongodb host : mongodb://localhost/ecommercebackend_test
2019-03-10 13:45:21 debug [index.js]: Listening on port 5000...
2019-03-10 13:45:22 debug [index.js]: Successfully connected to mongodb host : mongodb://localhost/ecommercebackend_test
2019-03-10 13:45:52 debug [index.js]: Listening on port 5000...
2019-03-10 13:45:53 debug [index.js]: Successfully connected to mongodb host : mongodb://localhost/ecommercebackend_test
2019-03-10 13:46:21 debug [index.js]: Listening on port 5000...
2019-03-10 13:46:22 debug [index.js]: Successfully connected to mongodb host : mongodb://localhost/ecommercebackend_test
2019-03-10 13:47:12 debug [index.js]: Listening on port 5000...
2019-03-10 13:47:13 debug [index.js]: Successfully connected to mongodb host : mongodb://localhost/ecommercebackend_test
2019-03-10 13:48:21 debug [index.js]: Listening on port 5000...
2019-03-10 13:48:22 debug [index.js]: Successfully connected to mongodb host : mongodb://localhost/ecommercebackend_test
2019-03-10 13:49:28 debug [index.js]: Successfully connected to mongodb host : mongodb://localhost/ecommercebackend_test
2019-03-10 13:52:18 debug [index.js]: Listening on port 5000...
2019-03-10 13:52:19 debug [index.js]: Successfully connected to mongodb host : mongodb://localhost/ecommercebackend_test
2019-03-10 13:52:58 debug [index.js]: Listening on port 5000...
2019-03-10 13:53:00 debug [index.js]: Successfully connected to mongodb host : mongodb://localhost/ecommercebackend_test
2019-03-10 13:54:20 debug [index.js]: Listening on port 5000...
2019-03-10 13:54:21 debug [index.js]: Successfully connected to mongodb host : mongodb://localhost/ecommercebackend_test
2019-03-10 13:55:21 debug [index.js]: Listening on port 5000...
2019-03-10 13:55:22 debug [index.js]: Successfully connected to mongodb host : mongodb://localhost/ecommercebackend_test
2019-03-10 13:57:01 debug [index.js]: Listening on port 5000...
2019-03-10 13:57:02 debug [index.js]: Successfully connected to mongodb host : mongodb://localhost/ecommercebackend_test
2019-03-10 13:57:18 debug [index.js]: Listening on port 5000...
2019-03-10 13:57:19 debug [index.js]: Successfully connected to mongodb host : mongodb://localhost/ecommercebackend_test
2019-03-14 22:16:10 debug [index.js]: Listening on port 5000...
2019-03-14 22:16:11 debug [index.js]: Successfully connected to mongodb host : mongodb://localhost/ecommercebackend
2019-03-16 15:45:03 debug [index.js]: Listening on port 5000...
2019-03-16 15:45:05 debug [index.js]: Successfully connected to mongodb host : mongodb://localhost/ecommercebackend
2019-03-16 15:45:51 debug [index.js]: Listening on port 5000...
2019-03-16 15:45:52 debug [index.js]: Successfully connected to mongodb host : mongodb://localhost/ecommercebackend_test
2019-03-16 16:29:06 debug [index.js]: Listening on port 5000...
2019-03-16 16:29:36 debug [index.js]: Listening on port 5000...
2019-03-16 16:30:30 debug [index.js]: Listening on port 5000...
2019-03-16 16:31:11 debug [index.js]: Listening on port 5000...
2019-03-16 16:32:49 debug [index.js]: Listening on port 5000...
2019-03-16 16:33:12 debug [index.js]: Listening on port 5000...
2019-03-16 16:38:38 debug [index.js]: Listening on port 5000...
2019-03-16 16:38:40 debug [index.js]: Successfully connected to mongodb host : mongodb://localhost/ecommercebackend_test
2019-03-16 16:40:16 debug [index.js]: Listening on port 5000...
2019-03-16 16:40:18 debug [index.js]: Successfully connected to mongodb host : mongodb://localhost/ecommercebackend_test
2019-03-16 16:41:03 debug [index.js]: Listening on port 5000...
2019-03-16 16:41:06 debug [index.js]: Successfully connected to mongodb host : mongodb://localhost/ecommercebackend_test
2019-03-16 16:41:55 debug [index.js]: Listening on port 5000...
2019-03-16 16:41:57 debug [index.js]: Successfully connected to mongodb host : mongodb://localhost/ecommercebackend_test
2019-03-16 16:42:23 debug [index.js]: Listening on port 5000...
2019-03-16 16:42:25 debug [index.js]: Successfully connected to mongodb host : mongodb://localhost/ecommercebackend_test
2019-03-16 16:43:37 debug [index.js]: Listening on port 5000...
2019-03-16 16:43:39 debug [index.js]: Successfully connected to mongodb host : mongodb://localhost/ecommercebackend_test
2019-03-16 16:46:13 debug [index.js]: Listening on port 5000...
2019-03-16 16:46:15 debug [index.js]: Successfully connected to mongodb host : mongodb://localhost/ecommercebackend_test
2019-03-16 16:49:07 debug [index.js]: Listening on port 5000...
2019-03-16 16:49:09 debug [index.js]: Successfully connected to mongodb host : mongodb://localhost/ecommercebackend_test
2019-03-17 11:47:05 debug [index.js]: Listening on port 5000...
2019-03-17 11:47:06 debug [index.js]: Successfully connected to mongodb host : mongodb://localhost/ecommercebackend
2019-06-18 15:18:20 debug [index.js]: Listening on port 3000...
2019-06-18 15:18:20 debug [index.js]: Successfully connected to mongodb host : mongodb://localhost/ecommercebackend
2019-06-18 16:32:49 debug [index.js]: Listening on port 3000...
2019-06-18 16:32:49 debug [index.js]: Successfully connected to mongodb host : mongodb://localhost/ecommercebackend
2019-06-18 17:07:24 debug [index.js]: Listening on port 3000...
2019-06-18 17:07:24 debug [index.js]: Successfully connected to mongodb host : mongodb://localhost/ecommercebackend
2019-06-18 17:19:47 debug [index.js]: Listening on port 3000...
2019-06-18 17:19:47 debug [index.js]: Successfully connected to mongodb host : mongodb://localhost/ecommercebackend
2019-06-18 17:20:17 debug [index.js]: Listening on port 3000...
2019-06-18 17:20:18 debug [index.js]: Successfully connected to mongodb host : mongodb://localhost/ecommercebackend
2019-06-18 17:21:17 debug [index.js]: Listening on port 3000...
2019-06-18 17:21:17 debug [index.js]: Successfully connected to mongodb host : mongodb://localhost/ecommercebackend
2019-06-18 17:24:57 debug [index.js]: Listening on port 3000...
2019-06-18 17:24:57 debug [index.js]: Successfully connected to mongodb host : mongodb://localhost/ecommercebackend
2019-06-18 17:30:47 debug [index.js]: Listening on port 3000...
2019-06-18 17:30:47 debug [index.js]: Successfully connected to mongodb host : mongodb://localhost/ecommercebackend
2019-06-18 17:31:48 debug [index.js]: Listening on port 3000...
2019-06-18 17:31:48 debug [index.js]: Successfully connected to mongodb host : mongodb://localhost/ecommercebackend
2019-06-18 17:47:14 debug [index.js]: Listening on port 3000...
2019-06-18 17:47:14 debug [index.js]: Successfully connected to mongodb host : mongodb://localhost/ecommercebackend
2019-06-18 17:48:40 debug [index.js]: Listening on port 3000...
2019-06-18 17:48:40 debug [index.js]: Successfully connected to mongodb host : mongodb://localhost/ecommercebackend
2019-06-18 17:49:09 debug [index.js]: Listening on port 3000...
2019-06-18 17:49:09 debug [index.js]: Successfully connected to mongodb host : mongodb://localhost/ecommercebackend
2019-06-18 17:49:56 debug [index.js]: Listening on port 3000...
2019-06-18 17:49:56 debug [index.js]: Successfully connected to mongodb host : mongodb://localhost/ecommercebackend
2019-06-18 17:50:34 debug [index.js]: Listening on port 3000...
2019-06-18 17:50:34 debug [index.js]: Successfully connected to mongodb host : mongodb://localhost/ecommercebackend
2019-06-18 17:50:46 debug [index.js]: Listening on port 3000...
2019-06-18 17:50:46 debug [index.js]: Successfully connected to mongodb host : mongodb://localhost/ecommercebackend
2019-06-18 17:51:10 debug [index.js]: Listening on port 3000...
2019-06-18 17:51:10 debug [index.js]: Successfully connected to mongodb host : mongodb://localhost/ecommercebackend
2019-06-18 17:52:38 debug [index.js]: Listening on port 3000...
2019-06-18 17:52:38 debug [index.js]: Successfully connected to mongodb host : mongodb://localhost/ecommercebackend
2019-06-18 17:53:01 debug [index.js]: Listening on port 3000...
2019-06-18 17:53:01 debug [index.js]: Successfully connected to mongodb host : mongodb://localhost/ecommercebackend
2019-06-18 17:53:37 debug [index.js]: Listening on port 3000...
2019-06-18 17:53:37 debug [index.js]: Successfully connected to mongodb host : mongodb://localhost/ecommercebackend
2019-06-18 17:53:57 debug [index.js]: Listening on port 3000...
2019-06-18 17:53:57 debug [index.js]: Successfully connected to mongodb host : mongodb://localhost/ecommercebackend
2019-06-18 17:56:01 debug [index.js]: Listening on port 3000...
2019-06-18 17:56:01 debug [index.js]: Successfully connected to mongodb host : mongodb://localhost/ecommercebackend
2019-06-18 17:56:14 debug [index.js]: Listening on port 3000...
2019-06-18 17:56:14 debug [index.js]: Successfully connected to mongodb host : mongodb://localhost/ecommercebackend
2019-06-18 17:58:10 debug [index.js]: Listening on port 3000...
2019-06-18 17:58:11 debug [index.js]: Successfully connected to mongodb host : mongodb://localhost/ecommercebackend
2019-06-19 10:01:44 debug [index.js]: Listening on port 3000...
2019-06-19 10:01:44 debug [index.js]: Successfully connected to mongodb host : mongodb://localhost/ecommercebackend
2019-06-19 10:03:09 error [error.js]: Joi is not defined
2019-06-19 10:03:59 debug [index.js]: Listening on port 3000...
2019-06-19 10:03:59 debug [index.js]: Successfully connected to mongodb host : mongodb://localhost/ecommercebackend
2019-06-19 10:04:02 error [error.js]: user is not defined
2019-06-19 10:05:00 debug [index.js]: Listening on port 3000...
2019-06-19 10:05:00 debug [index.js]: Successfully connected to mongodb host : mongodb://localhost/ecommercebackend
2019-06-19 10:07:22 debug [index.js]: Listening on port 3000...
2019-06-19 10:07:22 debug [index.js]: Successfully connected to mongodb host : mongodb://localhost/ecommercebackend
2019-06-19 10:41:32 debug [index.js]: Listening on port 3900...
2019-06-19 10:41:32 debug [index.js]: Successfully connected to mongodb host : mongodb://localhost/ecommercebackend
2019-06-19 10:42:33 debug [index.js]: Listening on port 3900...
2019-06-19 10:42:33 debug [index.js]: Successfully connected to mongodb host : mongodb://localhost/ecommercebackend
2019-06-19 11:06:34 debug [index.js]: Listening on port 3900...
2019-06-19 11:06:34 debug [index.js]: Successfully connected to mongodb host : mongodb://localhost/ecommercebackend
2019-06-25 12:25:38 debug [index.js]: Listening on port 3900...
2019-06-25 12:25:38 debug [index.js]: Successfully connected to mongodb host : mongodb://localhost/ecommercebackend
2019-06-25 12:25:47 debug [index.js]: Listening on port 3900...
2019-06-25 12:25:47 debug [index.js]: Successfully connected to mongodb host : mongodb://localhost/ecommercebackend
2019-06-25 13:57:30 debug [index.js]: Listening on port 3900...
2019-06-25 13:57:30 debug [index.js]: Successfully connected to mongodb host : mongodb://localhost/ecommercebackend
2019-06-25 13:58:33 debug [index.js]: Listening on port 3900...
2019-06-25 13:58:33 debug [index.js]: Successfully connected to mongodb host : mongodb://localhost/ecommercebackend
2019-06-25 14:00:17 debug [index.js]: Listening on port 3900...
2019-06-25 14:00:17 debug [index.js]: Successfully connected to mongodb host : mongodb://localhost/ecommercebackend
2019-06-25 14:06:46 debug [index.js]: Listening on port 3900...
2019-06-25 14:06:46 debug [index.js]: Successfully connected to mongodb host : mongodb://localhost/ecommercebackend
2019-06-25 14:29:45 debug [index.js]: Listening on port 3900...
2019-06-25 14:29:45 debug [index.js]: Successfully connected to mongodb host : mongodb://localhost/ecommercebackend
2019-06-25 14:35:54 debug [index.js]: Listening on port 3900...
2019-06-25 14:35:54 debug [index.js]: Successfully connected to mongodb host : mongodb://localhost/ecommercebackend
2019-06-25 14:38:12 debug [index.js]: Listening on port 3900...
2019-06-25 14:38:12 debug [index.js]: Successfully connected to mongodb host : mongodb://localhost/ecommercebackend
2019-06-25 14:43:46 debug [index.js]: Listening on port 3900...
2019-06-25 14:43:46 debug [index.js]: Successfully connected to mongodb host : mongodb://localhost/ecommercebackend
2019-06-25 14:47:53 debug [index.js]: Listening on port 3900...
2019-06-25 14:47:53 debug [index.js]: Successfully connected to mongodb host : mongodb://localhost/ecommercebackend
2019-06-25 14:49:26 debug [index.js]: Listening on port 3900...
2019-06-25 14:49:26 debug [index.js]: Successfully connected to mongodb host : mongodb://localhost/ecommercebackend
2019-06-25 14:49:55 debug [index.js]: Listening on port 3900...
2019-06-25 14:49:55 debug [index.js]: Successfully connected to mongodb host : mongodb://localhost/ecommercebackend
2019-06-25 14:54:41 debug [index.js]: Listening on port 3900...
2019-06-25 14:54:41 debug [index.js]: Successfully connected to mongodb host : mongodb://localhost/ecommercebackend
2019-06-25 14:55:49 debug [index.js]: Listening on port 3900...
2019-06-25 14:55:49 debug [index.js]: Successfully connected to mongodb host : mongodb://localhost/ecommercebackend
2019-06-25 14:56:26 debug [index.js]: Listening on port 3900...
2019-06-25 14:56:26 debug [index.js]: Successfully connected to mongodb host : mongodb://localhost/ecommercebackend
2019-06-25 14:56:56 debug [index.js]: Listening on port 3900...
2019-06-25 14:56:56 debug [index.js]: Successfully connected to mongodb host : mongodb://localhost/ecommercebackend
2019-06-25 15:19:35 debug [index.js]: Listening on port 3900...
2019-06-25 15:19:35 debug [index.js]: Successfully connected to mongodb host : mongodb://localhost/ecommercebackend
2019-06-25 15:20:03 debug [index.js]: Listening on port 3900...
2019-06-25 15:20:03 debug [index.js]: Successfully connected to mongodb host : mongodb://localhost/ecommercebackend
2019-06-25 15:20:27 debug [index.js]: Listening on port 3900...
2019-06-25 15:20:27 debug [index.js]: Successfully connected to mongodb host : mongodb://localhost/ecommercebackend
2019-06-25 15:20:34 debug [index.js]: Listening on port 3900...
2019-06-25 15:20:34 debug [index.js]: Successfully connected to mongodb host : mongodb://localhost/ecommercebackend
2019-06-25 15:21:05 debug [index.js]: Listening on port 3900...
2019-06-25 15:21:05 debug [index.js]: Successfully connected to mongodb host : mongodb://localhost/ecommercebackend
2019-06-25 15:21:16 debug [index.js]: Listening on port 3900...
2019-06-25 15:21:16 debug [index.js]: Successfully connected to mongodb host : mongodb://localhost/ecommercebackend
2019-06-25 15:21:51 debug [index.js]: Listening on port 3900...
2019-06-25 15:21:51 debug [index.js]: Successfully connected to mongodb host : mongodb://localhost/ecommercebackend
2019-06-25 15:22:15 debug [index.js]: Listening on port 3900...
2019-06-25 15:22:16 debug [index.js]: Successfully connected to mongodb host : mongodb://localhost/ecommercebackend
2019-06-25 15:23:42 debug [index.js]: Listening on port 3900...
2019-06-25 15:23:42 debug [index.js]: Successfully connected to mongodb host : mongodb://localhost/ecommercebackend
2019-06-25 15:24:20 debug [index.js]: Listening on port 3900...
2019-06-25 15:24:20 debug [index.js]: Successfully connected to mongodb host : mongodb://localhost/ecommercebackend
2019-06-25 15:24:29 debug [index.js]: Listening on port 3900...
2019-06-25 15:24:30 debug [index.js]: Successfully connected to mongodb host : mongodb://localhost/ecommercebackend
2019-06-25 15:26:00 debug [index.js]: Listening on port 3900...
2019-06-25 15:26:00 debug [index.js]: Successfully connected to mongodb host : mongodb://localhost/ecommercebackend
2019-06-25 15:26:14 debug [index.js]: Listening on port 3900...
2019-06-25 15:26:15 debug [index.js]: Successfully connected to mongodb host : mongodb://localhost/ecommercebackend
2019-06-25 15:26:45 debug [index.js]: Listening on port 3900...
2019-06-25 15:26:45 debug [index.js]: Successfully connected to mongodb host : mongodb://localhost/ecommercebackend
2019-06-25 16:09:48 debug [index.js]: Listening on port 3900...
2019-06-25 16:09:48 debug [index.js]: Successfully connected to mongodb host : mongodb://localhost/ecommercebackend
2019-06-25 16:16:20 debug [index.js]: Listening on port 3900...
2019-06-25 16:16:20 debug [index.js]: Successfully connected to mongodb host : mongodb://localhost/ecommercebackend
2019-06-25 16:16:47 error [error.js]: Cast to ObjectId failed for value "abc" at path "_id" for model "Product"
2019-06-25 16:17:16 debug [index.js]: Listening on port 3900...
2019-06-25 16:17:16 debug [index.js]: Successfully connected to mongodb host : mongodb://localhost/ecommercebackend
2019-06-25 16:17:31 error [error.js]: Cast to ObjectId failed for value "Grille-painnnnnnnnnn" at path "_id" for model "Product"
2019-06-25 16:17:49 error [error.js]: Cast to ObjectId failed for value "Grille-painnnnnnnnnn" at path "_id" for model "Product"
2019-06-25 16:23:30 error [error.js]: Cast to ObjectId failed for value "Grille-painnnnnnnnnn" at path "_id" for model "Product"
2019-06-25 16:23:46 error [error.js]: Cast to ObjectId failed for value "Grille-pain" at path "_id" for model "Product"
2019-06-25 16:28:12 error [error.js]: Cast to ObjectId failed for value "aa5d122f6669791937eae87e69" at path "_id" for model "Product"
2019-06-25 16:29:59 error [error.js]: Cast to ObjectId failed for value "aa5d122fe069791937eae87e6a" at path "_id" for model "Product"
2019-06-25 16:30:02 error [error.js]: Cast to ObjectId failed for value "aa5d122fe069791937eae87e6a" at path "_id" for model "Product"
2019-06-25 16:30:04 error [error.js]: Cast to ObjectId failed for value "aa5d122fe069791937eae87e6a" at path "_id" for model "Product"
2019-06-25 16:30:06 error [error.js]: Cast to ObjectId failed for value "aa5d122fe069791937eae87e6a" at path "_id" for model "Product"
2019-06-25 16:30:08 error [error.js]: Cast to ObjectId failed for value "aa5d122fe069791937eae87e6a" at path "_id" for model "Product"
2019-06-25 17:24:40 debug [index.js]: Listening on port 3900...
2019-06-25 17:24:41 debug [index.js]: Successfully connected to mongodb host : mongodb://localhost/ecommercebackend
2019-06-25 17:25:06 error [error.js]: Cannot set headers after they are sent to the client
2019-06-25 17:27:07 debug [index.js]: Listening on port 3900...
2019-06-25 17:27:07 debug [index.js]: Successfully connected to mongodb host : mongodb://localhost/ecommercebackend
2019-06-25 17:27:38 error [error.js]: Cannot set headers after they are sent to the client
2019-06-25 17:28:50 error [error.js]: Cannot set headers after they are sent to the client
2019-06-25 17:29:22 debug [index.js]: Listening on port 3900...
2019-06-25 17:29:22 debug [index.js]: Successfully connected to mongodb host : mongodb://localhost/ecommercebackend
2019-06-25 17:52:52 debug [index.js]: Listening on port 3900...
2019-06-25 17:52:52 debug [index.js]: Successfully connected to mongodb host : mongodb://localhost/ecommercebackend
2019-06-26 10:56:38 debug [index.js]: Listening on port 3900...
2019-06-26 10:56:38 debug [index.js]: Successfully connected to mongodb host : mongodb://localhost/ecommercebackend
2019-06-26 10:58:04 debug [index.js]: Listening on port 3900...
2019-06-26 10:58:04 debug [index.js]: Successfully connected to mongodb host : mongodb://localhost/ecommercebackend
2019-06-26 10:59:34 debug [index.js]: Listening on port 3900...
2019-06-26 10:59:34 debug [index.js]: Successfully connected to mongodb host : mongodb://localhost/ecommercebackend
2019-06-26 11:01:28 debug [index.js]: Listening on port 3900...
2019-06-26 11:01:28 debug [index.js]: Successfully connected to mongodb host : mongodb://localhost/ecommercebackend
2019-06-26 11:01:43 debug [index.js]: Listening on port 3900...
2019-06-26 11:01:43 debug [index.js]: Successfully connected to mongodb host : mongodb://localhost/ecommercebackend
2019-06-26 11:06:56 debug [index.js]: Listening on port 3900...
2019-06-26 11:06:56 debug [index.js]: Successfully connected to mongodb host : mongodb://localhost/ecommercebackend
2019-06-26 11:10:59 debug [index.js]: Listening on port 3900...
2019-06-26 11:10:59 debug [index.js]: Successfully connected to mongodb host : mongodb://localhost/ecommercebackend
2019-06-26 11:13:46 debug [index.js]: Listening on port 3900...
2019-06-26 11:13:46 debug [index.js]: Successfully connected to mongodb host : mongodb://localhost/ecommercebackend
2019-06-26 11:14:06 debug [index.js]: Listening on port 3900...
2019-06-26 11:14:06 debug [index.js]: Successfully connected to mongodb host : mongodb://localhost/ecommercebackend
2019-06-26 11:14:58 debug [index.js]: Listening on port 3900...
2019-06-26 11:14:58 debug [index.js]: Successfully connected to mongodb host : mongodb://localhost/ecommercebackend
2019-06-26 11:15:41 debug [index.js]: Listening on port 3900...
2019-06-26 11:15:41 debug [index.js]: Successfully connected to mongodb host : mongodb://localhost/ecommercebackend
2019-06-26 11:20:17 debug [index.js]: Listening on port 3900...
2019-06-26 11:20:17 debug [index.js]: Successfully connected to mongodb host : mongodb://localhost/ecommercebackend
2019-06-26 11:21:14 debug [index.js]: Listening on port 3900...
2019-06-26 11:21:14 debug [index.js]: Successfully connected to mongodb host : mongodb://localhost/ecommercebackend
2019-06-26 11:21:57 debug [index.js]: Listening on port 3900...
2019-06-26 11:21:57 debug [index.js]: Successfully connected to mongodb host : mongodb://localhost/ecommercebackend
2019-06-26 11:22:23 debug [index.js]: Listening on port 3900...
2019-06-26 11:22:23 debug [index.js]: Successfully connected to mongodb host : mongodb://localhost/ecommercebackend
2019-06-26 11:28:42 debug [index.js]: Listening on port 3900...
2019-06-26 11:28:42 debug [index.js]: Successfully connected to mongodb host : mongodb://localhost/ecommercebackend
2019-06-26 11:30:09 debug [index.js]: Listening on port 3900...
2019-06-26 11:30:09 debug [index.js]: Successfully connected to mongodb host : mongodb://localhost/ecommercebackend
2019-06-26 11:53:56 debug [index.js]: Listening on port 3900...
2019-06-26 11:53:56 debug [index.js]: Successfully connected to mongodb host : mongodb://localhost/ecommercebackend
2019-06-26 14:52:57 debug [index.js]: Listening on port 3900...
2019-06-26 14:52:57 debug [index.js]: Successfully connected to mongodb host : mongodb://localhost/ecommercebackend
2019-06-26 15:03:46 debug [index.js]: Listening on port 3900...
2019-06-26 15:03:46 debug [index.js]: Successfully connected to mongodb host : mongodb://localhost/ecommercebackend
2019-06-26 15:04:04 debug [index.js]: Listening on port 3900...
2019-06-26 15:04:04 debug [index.js]: Successfully connected to mongodb host : mongodb://localhost/ecommercebackend
2019-06-26 15:05:40 error [error.js]: Cannot set headers after they are sent to the client
2019-06-26 15:38:44 error [error.js]: Cannot set headers after they are sent to the client
2019-06-26 15:46:15 error [error.js]: Cannot set headers after they are sent to the client
2019-06-26 15:46:18 error [error.js]: Cannot set headers after they are sent to the client
2019-06-27 10:45:11 debug [index.js]: Listening on port 3900...
2019-06-27 10:45:11 debug [index.js]: Successfully connected to mongodb host : mongodb://localhost/ecommercebackend
2019-06-27 11:02:47 debug [index.js]: Listening on port 3900...
2019-06-27 11:02:47 debug [index.js]: Successfully connected to mongodb host : mongodb://localhost/ecommercebackend
2019-06-27 11:11:21 error [error.js]: Cannot set headers after they are sent to the client
2019-06-27 11:11:34 error [error.js]: Cannot set headers after they are sent to the client
2019-06-27 11:27:54 debug [index.js]: Listening on port 3900...
2019-06-27 11:27:54 debug [index.js]: Successfully connected to mongodb host : mongodb://localhost/ecommercebackend
2019-06-27 11:28:05 debug [index.js]: Listening on port 3900...
2019-06-27 11:28:05 debug [index.js]: Successfully connected to mongodb host : mongodb://localhost/ecommercebackend
2019-06-27 11:49:08 error [error.js]: Cannot set headers after they are sent to the client
2019-06-27 11:57:17 debug [index.js]: Listening on port 3900...
2019-06-27 11:57:17 debug [index.js]: Successfully connected to mongodb host : mongodb://localhost/ecommercebackend
2019-06-27 11:58:57 debug [index.js]: Listening on port 3900...
2019-06-27 11:58:57 debug [index.js]: Successfully connected to mongodb host : mongodb://localhost/ecommercebackend
2019-06-27 12:01:23 debug [index.js]: Listening on port 3900...
2019-06-27 12:01:24 debug [index.js]: Successfully connected to mongodb host : mongodb://localhost/ecommercebackend
2019-06-27 12:01:28 debug [index.js]: Listening on port 3900...
2019-06-27 12:01:28 debug [index.js]: Successfully connected to mongodb host : mongodb://localhost/ecommercebackend
2019-06-27 13:11:07 debug [index.js]: Listening on port 3900...
2019-06-27 13:11:08 debug [index.js]: Successfully connected to mongodb host : mongodb://localhost/ecommercebackend
2019-06-27 14:57:01 error [error.js]: Cannot set headers after they are sent to the client
2019-06-27 14:57:13 error [error.js]: Cannot set headers after they are sent to the client
2019-06-27 15:02:30 error [error.js]: Cannot set headers after they are sent to the client
2019-06-27 15:18:28 debug [index.js]: Listening on port 3900...
2019-06-27 15:18:28 debug [index.js]: Successfully connected to mongodb host : mongodb://localhost/ecommercebackend
2019-06-27 15:18:41 debug [index.js]: Listening on port 3900...
2019-06-27 15:18:41 debug [index.js]: Successfully connected to mongodb host : mongodb://localhost/ecommercebackend
2019-06-27 17:02:04 debug [index.js]: Listening on port 3900...
2019-06-27 17:02:04 debug [index.js]: Successfully connected to mongodb host : mongodb://localhost/ecommercebackend
2019-06-27 17:03:28 debug [index.js]: Listening on port 3900...
2019-06-27 17:03:28 debug [index.js]: Successfully connected to mongodb host : mongodb://localhost/ecommercebackend
2019-06-27 17:04:31 debug [index.js]: Listening on port 3900...
2019-06-27 17:04:32 debug [index.js]: Successfully connected to mongodb host : mongodb://localhost/ecommercebackend
2019-06-27 17:09:42 debug [index.js]: Listening on port 3900...
2019-06-27 17:09:42 debug [index.js]: Successfully connected to mongodb host : mongodb://localhost/ecommercebackend
2019-06-27 17:10:08 debug [index.js]: Listening on port 3900...
2019-06-27 17:10:08 debug [index.js]: Successfully connected to mongodb host : mongodb://localhost/ecommercebackend
2019-06-27 17:10:36 debug [index.js]: Listening on port 3900...
2019-06-27 17:10:36 debug [index.js]: Successfully connected to mongodb host : mongodb://localhost/ecommercebackend
2019-06-27 17:14:33 debug [index.js]: Listening on port 3900...
2019-06-27 17:14:33 debug [index.js]: Successfully connected to mongodb host : mongodb://localhost/ecommercebackend
2019-06-27 17:14:44 error [error.js]: logger.debug is not a function
2019-06-27 17:15:34 debug [index.js]: Listening on port 3900...
2019-06-27 17:15:34 debug [index.js]: Successfully connected to mongodb host : mongodb://localhost/ecommercebackend
2019-06-27 17:19:47 debug [index.js]: Listening on port 3900...
2019-06-27 17:19:47 debug [index.js]: Successfully connected to mongodb host : mongodb://localhost/ecommercebackend
2019-06-27 17:23:44 debug [index.js]: Listening on port 3900...
2019-06-27 17:23:44 debug [index.js]: Successfully connected to mongodb host : mongodb://localhost/ecommercebackend
2019-06-27 17:24:13 debug [index.js]: Listening on port 3900...
2019-06-27 17:24:14 debug [index.js]: Successfully connected to mongodb host : mongodb://localhost/ecommercebackend
2019-06-27 17:25:22 debug [index.js]: Listening on port 3900...
2019-06-27 17:25:22 debug [index.js]: Successfully connected to mongodb host : mongodb://localhost/ecommercebackend
2019-06-27 17:39:18 debug [index.js]: Listening on port 3900...
2019-06-27 17:39:18 debug [index.js]: Successfully connected to mongodb host : mongodb://localhost/ecommercebackend
2019-06-29 09:40:11 debug [index.js]: Listening on port 3900...
2019-06-29 09:40:11 debug [index.js]: Successfully connected to mongodb host : mongodb://localhost/ecommercebackend
2019-07-02 10:37:12 debug [index.js]: Listening on port 3900...
2019-07-02 10:37:12 debug [index.js]: Successfully connected to mongodb host : mongodb://localhost/ecommercebackend
2019-07-02 14:03:52 debug [index.js]: Listening on port 3900...
2019-07-02 14:03:53 debug [index.js]: Successfully connected to mongodb host : mongodb://localhost/ecommercebackend
2019-07-02 16:59:00 debug [index.js]: Listening on port 3900...
2019-07-02 16:59:00 debug [index.js]: Successfully connected to mongodb host : mongodb://localhost/ecommercebackend
2019-07-02 17:02:06 debug [index.js]: Listening on port 3900...
2019-07-02 17:02:07 error [index.js]: Failed to connect to db....connection 4 to ecommerce-shard-00-02-nesqj.mongodb.net:27017 closed
2019-07-02 17:02:14 debug [index.js]: Listening on port 3900...
2019-07-02 17:02:15 error [index.js]: Failed to connect to db....connection 4 to ecommerce-shard-00-01-nesqj.mongodb.net:27017 closed
2019-07-02 17:03:10 debug [index.js]: Listening on port 3900...
2019-07-02 17:03:10 error [index.js]: Failed to connect to db....connection 4 to ecommerce-shard-00-01-nesqj.mongodb.net:27017 closed
2019-07-02 17:10:57 debug [index.js]: Listening on port 3900...
2019-07-02 17:10:58 error [index.js]: Failed to connect to db....authentication fail
2019-07-02 17:11:09 debug [index.js]: Listening on port 3900...
2019-07-02 17:11:09 debug [index.js]: Successfully connected to mongodb host : mongodb+srv://sreenud:sreenud@ecommerce-nesqj.mongodb.net/test?retryWrites=true&w=majority
2019-07-02 17:13:44 debug [index.js]: Listening on port 3900...
2019-07-02 17:13:44 debug [index.js]: Successfully connected to mongodb host : mongodb+srv://sreenud:sreenud@ecommerce-nesqj.mongodb.net/test?retryWrites=true&w=majority
2019-07-02 17:13:49 debug [index.js]: Listening on port 3900...
2019-07-02 17:13:49 debug [index.js]: Successfully connected to mongodb host : mongodb+srv://sreenud:sreenud@ecommerce-nesqj.mongodb.net/test?retryWrites=true&w=majority
2019-07-02 17:14:12 debug [index.js]: Listening on port 3900...
2019-07-02 17:14:12 debug [index.js]: Successfully connected to mongodb host : mongodb+srv://sreenud:sreenud@ecommerce-nesqj.mongodb.net/ecommercebackend?retryWrites=true&w=majority
2019-07-02 17:14:21 debug [index.js]: Listening on port 3900...
2019-07-02 17:14:21 debug [index.js]: Successfully connected to mongodb host : mongodb+srv://sreenud:sreenud@ecommerce-nesqj.mongodb.net/ecommercebackend?retryWrites=true&w=majority
2019-07-02 17:14:40 debug [index.js]: Listening on port 3900...
2019-07-02 17:14:40 debug [index.js]: Successfully connected to mongodb host : mongodb+srv://sreenud:sreenud@ecommerce-nesqj.mongodb.net/ecommercebackend?retryWrites=true&w=majority
2019-07-02 17:14:47 debug [index.js]: Listening on port 3900...
2019-07-02 17:14:47 debug [index.js]: Successfully connected to mongodb host : mongodb+srv://sreenud:sreenud@ecommerce-nesqj.mongodb.net/ecommercebackend?retryWrites=true&w=majority
2019-07-02 17:15:18 debug [index.js]: Listening on port 3900...
2019-07-02 17:15:19 debug [index.js]: Successfully connected to mongodb host : mongodb+srv://sreenud:sreenud@ecommerce-nesqj.mongodb.net/ecommercebackend?retryWrites=true&w=majority
2019-07-02 17:42:44 debug [index.js]: Listening on port 3900...
2019-07-02 17:42:44 debug [index.js]: Successfully connected to mongodb host : mongodb+srv://sreenud:sreenud@ecommerce-nesqj.mongodb.net/ecommercebackend?retryWrites=true&w=majority
